app/build/intermediates/manifest_merge_blame_file/debug/manifest-merger-blame-debug-report.txt
1<?xml version="1.0" encoding="utf-8"?>
2<manifest xmlns:android="http://schemas.android.com/apk/res/android"
3    package="com.tencent.blazefacencnn"
4    android:versionCode="1"
5    android:versionName="1.1" >
6
7    <uses-sdk android:minSdkVersion="24" />
7-->src/main/AndroidManifest.xml
8
9    <uses-permission android:name="android.permission.CAMERA" />
9-->src/main/AndroidManifest.xml:6:5-65
9-->src/main/AndroidManifest.xml:6:22-62
10
11    <uses-feature android:name="android.hardware.camera2.full" />
11-->src/main/AndroidManifest.xml:7:5-66
11-->src/main/AndroidManifest.xml:7:19-63
12
13    <application
13-->src/main/AndroidManifest.xml:9:5-19:19
14        android:debuggable="true"
15        android:label="@string/app_name"
15-->src/main/AndroidManifest.xml:9:18-50
16        android:testOnly="true" >
17        <activity
17-->src/main/AndroidManifest.xml:10:9-18:20
18            android:name="com.tencent.blazefacencnn.MainActivity"
18-->src/main/AndroidManifest.xml:10:19-46
19            android:label="@string/app_name"
19-->src/main/AndroidManifest.xml:12:19-51
20            android:screenOrientation="portrait"
20-->src/main/AndroidManifest.xml:13:19-55
21            android:theme="@style/MaterialTheme" >
21-->src/main/AndroidManifest.xml:11:19-55
22            <intent-filter>
22-->src/main/AndroidManifest.xml:14:13-17:29
23                <action android:name="android.intent.action.MAIN" />
23-->src/main/AndroidManifest.xml:15:17-69
23-->src/main/AndroidManifest.xml:15:25-66
24
25                <category android:name="android.intent.category.LAUNCHER" />
25-->src/main/AndroidManifest.xml:16:17-77
25-->src/main/AndroidManifest.xml:16:27-74
26            </intent-filter>
27        </activity>
28    </application>
29
30</manifest>